<?xml version="1.0" encoding="UTF-8"?>
<!-- Generated by org.testng.reporters.JUnitReportReporter -->
<testsuite skipped="1" hostname="HP-PC" name="flipkart.testcases.TC_002_Validate_name" tests="2" failures="0" timestamp="03 May 2020 08:25:14 GMT" time="14.404" errors="1">
  <testcase name="beforeMethod" time="14.404" classname="flipkart.testcases.TC_002_Validate_name">
    <error type="org.openqa.selenium.SessionNotCreatedException" message="session not created
from disconnected: received Inspector.detached event
  (Session info: chrome=81.0.4044.129)
Build info: version: &#039;3.141.59&#039;, revision: &#039;e82be7d358&#039;, time: &#039;2018-11-14T08:25:48&#039;
System info: host: &#039;HP-PC&#039;, ip: &#039;127.0.0.1&#039;, os.name: &#039;Windows 7&#039;, os.arch: &#039;amd64&#039;, os.version: &#039;6.1&#039;, java.version: &#039;1.8.0_05&#039;
Driver info: driver.version: ChromeDriver
remote stacktrace: Backtrace:
	Ordinal0 [0x00565F73+2449267]
	Ordinal0 [0x00498361+1606497]
	Ordinal0 [0x0038F969+522601]
	Ordinal0 [0x00388179+491897]
	Ordinal0 [0x00387D8C+490892]
	Ordinal0 [0x00387686+489094]
	Ordinal0 [0x00386C8C+486540]
	Ordinal0 [0x00386EC5+487109]
	Ordinal0 [0x00386905+485637]
	Ordinal0 [0x0038E6C5+517829]
	Ordinal0 [0x003868C2+485570]
	Ordinal0 [0x00387329+488233]
	Ordinal0 [0x00386C8C+486540]
	Ordinal0 [0x00386EC5+487109]
	Ordinal0 [0x00386905+485637]
	Ordinal0 [0x0038CEAE+511662]
	Ordinal0 [0x003868C2+485570]
	Ordinal0 [0x00387329+488233]
	Ordinal0 [0x00386C8C+486540]
	Ordinal0 [0x00386EC5+487109]
	Ordinal0 [0x00386905+485637]
	Ordinal0 [0x0038B71C+505628]
	Ordinal0 [0x003868C2+485570]
	Ordinal0 [0x00387329+488233]
	Ordinal0 [0x00386C8C+486540]
	Ordinal0 [0x00386EC5+487109]
	Ordinal0 [0x00386905+485637]
	Ordinal0 [0x0038ADB7+503223]
	Ordinal0 [0x003868C2+485570]
	Ordinal0 [0x00387329+488233]
	Ordinal0 [0x00386C8C+486540]
	Ordinal0 [0x00386EC5+487109]
	Ordinal0 [0x00386905+485637]
	Ordinal0 [0x003831AC+471468]
	Ordinal0 [0x003868C2+485570]
	Ordinal0 [0x00386817+485399]
	Ordinal0 [0x00390600+525824]
	Ordinal0 [0x0033CBB9+183225]
	Ordinal0 [0x0033BF2D+180013]
	Ordinal0 [0x00339E5B+171611]
	Ordinal0 [0x00321DD8+73176]
	Ordinal0 [0x00322E50+77392]
	Ordinal0 [0x00322DE9+77289]
	Ordinal0 [0x004AD8D7+1693911]
	GetHandleVerifier [0x00604036+522726]
	GetHandleVerifier [0x00603D74+522020]
	GetHandleVerifier [0x00619187+609079]
	GetHandleVerifier [0x006048A6+524886]
	Ordinal0 [0x004A5CBC+1662140]
	Ordinal0 [0x004AF23B+1700411]
	Ordinal0 [0x004AF3A3+1700771]
	Ordinal0 [0x004C5215+1790485]
	BaseThreadInitThunk [0x761C33CA+18]
	RtlInitializeExceptionChain [0x770D9ED2+99]
	RtlInitializeExceptionChain [0x770D9EA5+54]
">
      <![CDATA[org.openqa.selenium.SessionNotCreatedException: session not created
from disconnected: received Inspector.detached event
  (Session info: chrome=81.0.4044.129)
Build info: version: '3.141.59', revision: 'e82be7d358', time: '2018-11-14T08:25:48'
System info: host: 'HP-PC', ip: '127.0.0.1', os.name: 'Windows 7', os.arch: 'amd64', os.version: '6.1', java.version: '1.8.0_05'
Driver info: driver.version: ChromeDriver
remote stacktrace: Backtrace:
Ordinal0 [0x00565F73+2449267]
Ordinal0 [0x00498361+1606497]
Ordinal0 [0x0038F969+522601]
Ordinal0 [0x00388179+491897]
Ordinal0 [0x00387D8C+490892]
Ordinal0 [0x00387686+489094]
Ordinal0 [0x00386C8C+486540]
Ordinal0 [0x00386EC5+487109]
Ordinal0 [0x00386905+485637]
Ordinal0 [0x0038E6C5+517829]
Ordinal0 [0x003868C2+485570]
Ordinal0 [0x00387329+488233]
Ordinal0 [0x00386C8C+486540]
Ordinal0 [0x00386EC5+487109]
Ordinal0 [0x00386905+485637]
Ordinal0 [0x0038CEAE+511662]
Ordinal0 [0x003868C2+485570]
Ordinal0 [0x00387329+488233]
Ordinal0 [0x00386C8C+486540]
Ordinal0 [0x00386EC5+487109]
Ordinal0 [0x00386905+485637]
Ordinal0 [0x0038B71C+505628]
Ordinal0 [0x003868C2+485570]
Ordinal0 [0x00387329+488233]
Ordinal0 [0x00386C8C+486540]
Ordinal0 [0x00386EC5+487109]
Ordinal0 [0x00386905+485637]
Ordinal0 [0x0038ADB7+503223]
Ordinal0 [0x003868C2+485570]
Ordinal0 [0x00387329+488233]
Ordinal0 [0x00386C8C+486540]
Ordinal0 [0x00386EC5+487109]
Ordinal0 [0x00386905+485637]
Ordinal0 [0x003831AC+471468]
Ordinal0 [0x003868C2+485570]
Ordinal0 [0x00386817+485399]
Ordinal0 [0x00390600+525824]
Ordinal0 [0x0033CBB9+183225]
Ordinal0 [0x0033BF2D+180013]
Ordinal0 [0x00339E5B+171611]
Ordinal0 [0x00321DD8+73176]
Ordinal0 [0x00322E50+77392]
Ordinal0 [0x00322DE9+77289]
Ordinal0 [0x004AD8D7+1693911]
GetHandleVerifier [0x00604036+522726]
GetHandleVerifier [0x00603D74+522020]
GetHandleVerifier [0x00619187+609079]
GetHandleVerifier [0x006048A6+524886]
Ordinal0 [0x004A5CBC+1662140]
Ordinal0 [0x004AF23B+1700411]
Ordinal0 [0x004AF3A3+1700771]
Ordinal0 [0x004C5215+1790485]
BaseThreadInitThunk [0x761C33CA+18]
RtlInitializeExceptionChain [0x770D9ED2+99]
RtlInitializeExceptionChain [0x770D9EA5+54]

at sun.reflect.NativeConstructorAccessorImpl.newInstance0(Native Method)
at sun.reflect.NativeConstructorAccessorImpl.newInstance(Unknown Source)
at sun.reflect.DelegatingConstructorAccessorImpl.newInstance(Unknown Source)
at java.lang.reflect.Constructor.newInstance(Unknown Source)
at org.openqa.selenium.remote.W3CHandshakeResponse.lambda$errorHandler$0(W3CHandshakeResponse.java:62)
at org.openqa.selenium.remote.W3CHandshakeResponse$$Lambda$195/87242619.apply(Unknown Source)
at org.openqa.selenium.remote.HandshakeResponse.lambda$getResponseFunction$0(HandshakeResponse.java:30)
at org.openqa.selenium.remote.HandshakeResponse$$Lambda$190/1115381650.apply(Unknown Source)
at org.openqa.selenium.remote.ProtocolHandshake.lambda$createSession$0(ProtocolHandshake.java:126)
at org.openqa.selenium.remote.ProtocolHandshake$$Lambda$191/746394140.apply(Unknown Source)
at java.util.stream.ReferencePipeline$3$1.accept(Unknown Source)
at java.util.Spliterators$ArraySpliterator.tryAdvance(Unknown Source)
at java.util.stream.ReferencePipeline.forEachWithCancel(Unknown Source)
at java.util.stream.AbstractPipeline.copyIntoWithCancel(Unknown Source)
at java.util.stream.AbstractPipeline.copyInto(Unknown Source)
at java.util.stream.AbstractPipeline.wrapAndCopyInto(Unknown Source)
at java.util.stream.FindOps$FindOp.evaluateSequential(Unknown Source)
at java.util.stream.AbstractPipeline.evaluate(Unknown Source)
at java.util.stream.ReferencePipeline.findFirst(Unknown Source)
at org.openqa.selenium.remote.ProtocolHandshake.createSession(ProtocolHandshake.java:128)
at org.openqa.selenium.remote.ProtocolHandshake.createSession(ProtocolHandshake.java:74)
at org.openqa.selenium.remote.HttpCommandExecutor.execute(HttpCommandExecutor.java:136)
at org.openqa.selenium.remote.service.DriverCommandExecutor.execute(DriverCommandExecutor.java:83)
at org.openqa.selenium.remote.RemoteWebDriver.execute(RemoteWebDriver.java:552)
at org.openqa.selenium.remote.RemoteWebDriver.startSession(RemoteWebDriver.java:213)
at org.openqa.selenium.remote.RemoteWebDriver.<init>(RemoteWebDriver.java:131)
at org.openqa.selenium.chrome.ChromeDriver.<init>(ChromeDriver.java:181)
at org.openqa.selenium.chrome.ChromeDriver.<init>(ChromeDriver.java:168)
at org.openqa.selenium.chrome.ChromeDriver.<init>(ChromeDriver.java:123)
at flipkart.testcases.BaseTestClass.beforeMethod(BaseTestClass.java:18)
at sun.reflect.NativeMethodAccessorImpl.invoke0(Native Method)
at sun.reflect.NativeMethodAccessorImpl.invoke(Unknown Source)
at sun.reflect.DelegatingMethodAccessorImpl.invoke(Unknown Source)
at java.lang.reflect.Method.invoke(Unknown Source)
at org.testng.internal.MethodInvocationHelper.invokeMethod(MethodInvocationHelper.java:124)
at org.testng.internal.MethodInvocationHelper.invokeMethodConsideringTimeout(MethodInvocationHelper.java:59)
at org.testng.internal.Invoker.invokeConfigurationMethod(Invoker.java:458)
at org.testng.internal.Invoker.invokeConfigurations(Invoker.java:222)
at org.testng.internal.Invoker.invokeMethod(Invoker.java:523)
at org.testng.internal.Invoker.invokeTestMethod(Invoker.java:719)
at org.testng.internal.Invoker.invokeTestMethods(Invoker.java:989)
at org.testng.internal.TestMethodWorker.invokeTestMethods(TestMethodWorker.java:125)
at org.testng.internal.TestMethodWorker.run(TestMethodWorker.java:109)
at org.testng.TestRunner.privateRun(TestRunner.java:648)
at org.testng.TestRunner.run(TestRunner.java:505)
at org.testng.SuiteRunner.runTest(SuiteRunner.java:455)
at org.testng.SuiteRunner.runSequentially(SuiteRunner.java:450)
at org.testng.SuiteRunner.privateRun(SuiteRunner.java:415)
at org.testng.SuiteRunner.run(SuiteRunner.java:364)
at org.testng.SuiteRunnerWorker.runSuite(SuiteRunnerWorker.java:52)
at org.testng.SuiteRunnerWorker.run(SuiteRunnerWorker.java:84)
at org.testng.TestNG.runSuitesSequentially(TestNG.java:1208)
at org.testng.TestNG.runSuitesLocally(TestNG.java:1137)
at org.testng.TestNG.runSuites(TestNG.java:1049)
at org.testng.TestNG.run(TestNG.java:1017)
at org.testng.remote.AbstractRemoteTestNG.run(AbstractRemoteTestNG.java:114)
at org.testng.remote.RemoteTestNG.initAndRun(RemoteTestNG.java:251)
at org.testng.remote.RemoteTestNG.main(RemoteTestNG.java:77)
]]>
    </error>
  </testcase> <!-- beforeMethod -->
  <testcase name="validateAccountDetails" time="0.000" classname="flipkart.testcases.TC_002_Validate_name">
    <skipped/>
  </testcase> <!-- validateAccountDetails -->
</testsuite> <!-- flipkart.testcases.TC_002_Validate_name -->
