<?xml version="1.0" encoding="UTF-8"?>
<testng-results skipped="1" failed="0" ignored="0" total="1" passed="0">
  <reporter-output>
  </reporter-output>
  <suite name="Default suite" duration-ms="81582" started-at="2020-05-02T08:27:46Z" finished-at="2020-05-02T08:29:08Z">
    <groups>
    </groups>
    <test name="Default test" duration-ms="81582" started-at="2020-05-02T08:27:46Z" finished-at="2020-05-02T08:29:08Z">
      <class name="flipkart.testcases.TC_001">
        <test-method status="FAIL" signature="beforeMethod()[pri:0, instance:flipkart.testcases.TC_001@7cd62f43]" name="beforeMethod" is-config="true" duration-ms="81141" started-at="2020-05-02T08:27:46Z" finished-at="2020-05-02T08:29:07Z">
          <exception class="org.openqa.selenium.SessionNotCreatedException">
            <message>
              <![CDATA[session not created
from disconnected: received Inspector.detached event
  (Session info: chrome=81.0.4044.129)
Build info: version: '3.141.59', revision: 'e82be7d358', time: '2018-11-14T08:25:48'
System info: host: 'HP-PC', ip: '192.168.1.4', os.name: 'Windows 7', os.arch: 'amd64', os.version: '6.1', java.version: '1.8.0_05'
Driver info: driver.version: ChromeDriver
remote stacktrace: Backtrace:
Ordinal0 [0x00C95F73+2449267]
Ordinal0 [0x00BC8361+1606497]
Ordinal0 [0x00ABF969+522601]
Ordinal0 [0x00AB8179+491897]
Ordinal0 [0x00AB7D8C+490892]
Ordinal0 [0x00AB7686+489094]
Ordinal0 [0x00AB6C8C+486540]
Ordinal0 [0x00AB6EC5+487109]
Ordinal0 [0x00AB6905+485637]
Ordinal0 [0x00ABE6C5+517829]
Ordinal0 [0x00AB68C2+485570]
Ordinal0 [0x00AB7329+488233]
Ordinal0 [0x00AB6C8C+486540]
Ordinal0 [0x00AB6EC5+487109]
Ordinal0 [0x00AB6905+485637]
Ordinal0 [0x00ABCEAE+511662]
Ordinal0 [0x00AB68C2+485570]
Ordinal0 [0x00AB7329+488233]
Ordinal0 [0x00AB6C8C+486540]
Ordinal0 [0x00AB6EC5+487109]
Ordinal0 [0x00AB6905+485637]
Ordinal0 [0x00ABB71C+505628]
Ordinal0 [0x00AB68C2+485570]
Ordinal0 [0x00AB7329+488233]
Ordinal0 [0x00AB6C8C+486540]
Ordinal0 [0x00AB6EC5+487109]
Ordinal0 [0x00AB6905+485637]
Ordinal0 [0x00ABADB7+503223]
Ordinal0 [0x00AB68C2+485570]
Ordinal0 [0x00AB7329+488233]
Ordinal0 [0x00AB6C8C+486540]
Ordinal0 [0x00AB6EC5+487109]
Ordinal0 [0x00AB6905+485637]
Ordinal0 [0x00AB31AC+471468]
Ordinal0 [0x00AB68C2+485570]
Ordinal0 [0x00AB6817+485399]
Ordinal0 [0x00AC0600+525824]
Ordinal0 [0x00A6CBB9+183225]
Ordinal0 [0x00A6BF2D+180013]
Ordinal0 [0x00A69E5B+171611]
Ordinal0 [0x00A51DD8+73176]
Ordinal0 [0x00A52E50+77392]
Ordinal0 [0x00A52DE9+77289]
Ordinal0 [0x00BDD8D7+1693911]
GetHandleVerifier [0x00D34036+522726]
GetHandleVerifier [0x00D33D74+522020]
GetHandleVerifier [0x00D49187+609079]
GetHandleVerifier [0x00D348A6+524886]
Ordinal0 [0x00BD5CBC+1662140]
Ordinal0 [0x00BDF23B+1700411]
Ordinal0 [0x00BDF3A3+1700771]
Ordinal0 [0x00BF5215+1790485]
BaseThreadInitThunk [0x755333CA+18]
RtlInitializeExceptionChain [0x774B9ED2+99]
RtlInitializeExceptionChain [0x774B9EA5+54]
]]>
            </message>
            <full-stacktrace>
              <![CDATA[org.openqa.selenium.SessionNotCreatedException: session not created
from disconnected: received Inspector.detached event
  (Session info: chrome=81.0.4044.129)
Build info: version: '3.141.59', revision: 'e82be7d358', time: '2018-11-14T08:25:48'
System info: host: 'HP-PC', ip: '192.168.1.4', os.name: 'Windows 7', os.arch: 'amd64', os.version: '6.1', java.version: '1.8.0_05'
Driver info: driver.version: ChromeDriver
remote stacktrace: Backtrace:
Ordinal0 [0x00C95F73+2449267]
Ordinal0 [0x00BC8361+1606497]
Ordinal0 [0x00ABF969+522601]
Ordinal0 [0x00AB8179+491897]
Ordinal0 [0x00AB7D8C+490892]
Ordinal0 [0x00AB7686+489094]
Ordinal0 [0x00AB6C8C+486540]
Ordinal0 [0x00AB6EC5+487109]
Ordinal0 [0x00AB6905+485637]
Ordinal0 [0x00ABE6C5+517829]
Ordinal0 [0x00AB68C2+485570]
Ordinal0 [0x00AB7329+488233]
Ordinal0 [0x00AB6C8C+486540]
Ordinal0 [0x00AB6EC5+487109]
Ordinal0 [0x00AB6905+485637]
Ordinal0 [0x00ABCEAE+511662]
Ordinal0 [0x00AB68C2+485570]
Ordinal0 [0x00AB7329+488233]
Ordinal0 [0x00AB6C8C+486540]
Ordinal0 [0x00AB6EC5+487109]
Ordinal0 [0x00AB6905+485637]
Ordinal0 [0x00ABB71C+505628]
Ordinal0 [0x00AB68C2+485570]
Ordinal0 [0x00AB7329+488233]
Ordinal0 [0x00AB6C8C+486540]
Ordinal0 [0x00AB6EC5+487109]
Ordinal0 [0x00AB6905+485637]
Ordinal0 [0x00ABADB7+503223]
Ordinal0 [0x00AB68C2+485570]
Ordinal0 [0x00AB7329+488233]
Ordinal0 [0x00AB6C8C+486540]
Ordinal0 [0x00AB6EC5+487109]
Ordinal0 [0x00AB6905+485637]
Ordinal0 [0x00AB31AC+471468]
Ordinal0 [0x00AB68C2+485570]
Ordinal0 [0x00AB6817+485399]
Ordinal0 [0x00AC0600+525824]
Ordinal0 [0x00A6CBB9+183225]
Ordinal0 [0x00A6BF2D+180013]
Ordinal0 [0x00A69E5B+171611]
Ordinal0 [0x00A51DD8+73176]
Ordinal0 [0x00A52E50+77392]
Ordinal0 [0x00A52DE9+77289]
Ordinal0 [0x00BDD8D7+1693911]
GetHandleVerifier [0x00D34036+522726]
GetHandleVerifier [0x00D33D74+522020]
GetHandleVerifier [0x00D49187+609079]
GetHandleVerifier [0x00D348A6+524886]
Ordinal0 [0x00BD5CBC+1662140]
Ordinal0 [0x00BDF23B+1700411]
Ordinal0 [0x00BDF3A3+1700771]
Ordinal0 [0x00BF5215+1790485]
BaseThreadInitThunk [0x755333CA+18]
RtlInitializeExceptionChain [0x774B9ED2+99]
RtlInitializeExceptionChain [0x774B9EA5+54]

at sun.reflect.NativeConstructorAccessorImpl.newInstance0(Native Method)
at sun.reflect.NativeConstructorAccessorImpl.newInstance(Unknown Source)
at sun.reflect.DelegatingConstructorAccessorImpl.newInstance(Unknown Source)
at java.lang.reflect.Constructor.newInstance(Unknown Source)
at org.openqa.selenium.remote.W3CHandshakeResponse.lambda$errorHandler$0(W3CHandshakeResponse.java:62)
at org.openqa.selenium.remote.W3CHandshakeResponse$$Lambda$195/1208203046.apply(Unknown Source)
at org.openqa.selenium.remote.HandshakeResponse.lambda$getResponseFunction$0(HandshakeResponse.java:30)
at org.openqa.selenium.remote.HandshakeResponse$$Lambda$190/1128948651.apply(Unknown Source)
at org.openqa.selenium.remote.ProtocolHandshake.lambda$createSession$0(ProtocolHandshake.java:126)
at org.openqa.selenium.remote.ProtocolHandshake$$Lambda$191/782505238.apply(Unknown Source)
at java.util.stream.ReferencePipeline$3$1.accept(Unknown Source)
at java.util.Spliterators$ArraySpliterator.tryAdvance(Unknown Source)
at java.util.stream.ReferencePipeline.forEachWithCancel(Unknown Source)
at java.util.stream.AbstractPipeline.copyIntoWithCancel(Unknown Source)
at java.util.stream.AbstractPipeline.copyInto(Unknown Source)
at java.util.stream.AbstractPipeline.wrapAndCopyInto(Unknown Source)
at java.util.stream.FindOps$FindOp.evaluateSequential(Unknown Source)
at java.util.stream.AbstractPipeline.evaluate(Unknown Source)
at java.util.stream.ReferencePipeline.findFirst(Unknown Source)
at org.openqa.selenium.remote.ProtocolHandshake.createSession(ProtocolHandshake.java:128)
at org.openqa.selenium.remote.ProtocolHandshake.createSession(ProtocolHandshake.java:74)
at org.openqa.selenium.remote.HttpCommandExecutor.execute(HttpCommandExecutor.java:136)
at org.openqa.selenium.remote.service.DriverCommandExecutor.execute(DriverCommandExecutor.java:83)
at org.openqa.selenium.remote.RemoteWebDriver.execute(RemoteWebDriver.java:552)
at org.openqa.selenium.remote.RemoteWebDriver.startSession(RemoteWebDriver.java:213)
at org.openqa.selenium.remote.RemoteWebDriver.<init>(RemoteWebDriver.java:131)
at org.openqa.selenium.chrome.ChromeDriver.<init>(ChromeDriver.java:181)
at org.openqa.selenium.chrome.ChromeDriver.<init>(ChromeDriver.java:168)
at org.openqa.selenium.chrome.ChromeDriver.<init>(ChromeDriver.java:123)
at flipkart.testcases.BaseTestClass.beforeMethod(BaseTestClass.java:18)
at sun.reflect.NativeMethodAccessorImpl.invoke0(Native Method)
at sun.reflect.NativeMethodAccessorImpl.invoke(Unknown Source)
at sun.reflect.DelegatingMethodAccessorImpl.invoke(Unknown Source)
at java.lang.reflect.Method.invoke(Unknown Source)
at org.testng.internal.MethodInvocationHelper.invokeMethod(MethodInvocationHelper.java:124)
at org.testng.internal.MethodInvocationHelper.invokeMethodConsideringTimeout(MethodInvocationHelper.java:59)
at org.testng.internal.Invoker.invokeConfigurationMethod(Invoker.java:458)
at org.testng.internal.Invoker.invokeConfigurations(Invoker.java:222)
at org.testng.internal.Invoker.invokeMethod(Invoker.java:523)
at org.testng.internal.Invoker.invokeTestMethod(Invoker.java:719)
at org.testng.internal.Invoker.invokeTestMethods(Invoker.java:989)
at org.testng.internal.TestMethodWorker.invokeTestMethods(TestMethodWorker.java:125)
at org.testng.internal.TestMethodWorker.run(TestMethodWorker.java:109)
at org.testng.TestRunner.privateRun(TestRunner.java:648)
at org.testng.TestRunner.run(TestRunner.java:505)
at org.testng.SuiteRunner.runTest(SuiteRunner.java:455)
at org.testng.SuiteRunner.runSequentially(SuiteRunner.java:450)
at org.testng.SuiteRunner.privateRun(SuiteRunner.java:415)
at org.testng.SuiteRunner.run(SuiteRunner.java:364)
at org.testng.SuiteRunnerWorker.runSuite(SuiteRunnerWorker.java:52)
at org.testng.SuiteRunnerWorker.run(SuiteRunnerWorker.java:84)
at org.testng.TestNG.runSuitesSequentially(TestNG.java:1208)
at org.testng.TestNG.runSuitesLocally(TestNG.java:1137)
at org.testng.TestNG.runSuites(TestNG.java:1049)
at org.testng.TestNG.run(TestNG.java:1017)
at org.testng.remote.AbstractRemoteTestNG.run(AbstractRemoteTestNG.java:114)
at org.testng.remote.RemoteTestNG.initAndRun(RemoteTestNG.java:251)
at org.testng.remote.RemoteTestNG.main(RemoteTestNG.java:77)
]]>
            </full-stacktrace>
          </exception> <!-- org.openqa.selenium.SessionNotCreatedException -->
          <reporter-output>
          </reporter-output>
        </test-method> <!-- beforeMethod -->
        <test-method status="SKIP" signature="simpleTest()[pri:0, instance:flipkart.testcases.TC_001@7cd62f43]" name="simpleTest" duration-ms="0" started-at="2020-05-02T08:29:08Z" finished-at="2020-05-02T08:29:08Z">
          <exception class="org.openqa.selenium.SessionNotCreatedException">
            <message>
              <![CDATA[session not created
from disconnected: received Inspector.detached event
  (Session info: chrome=81.0.4044.129)
Build info: version: '3.141.59', revision: 'e82be7d358', time: '2018-11-14T08:25:48'
System info: host: 'HP-PC', ip: '192.168.1.4', os.name: 'Windows 7', os.arch: 'amd64', os.version: '6.1', java.version: '1.8.0_05'
Driver info: driver.version: ChromeDriver
remote stacktrace: Backtrace:
Ordinal0 [0x00C95F73+2449267]
Ordinal0 [0x00BC8361+1606497]
Ordinal0 [0x00ABF969+522601]
Ordinal0 [0x00AB8179+491897]
Ordinal0 [0x00AB7D8C+490892]
Ordinal0 [0x00AB7686+489094]
Ordinal0 [0x00AB6C8C+486540]
Ordinal0 [0x00AB6EC5+487109]
Ordinal0 [0x00AB6905+485637]
Ordinal0 [0x00ABE6C5+517829]
Ordinal0 [0x00AB68C2+485570]
Ordinal0 [0x00AB7329+488233]
Ordinal0 [0x00AB6C8C+486540]
Ordinal0 [0x00AB6EC5+487109]
Ordinal0 [0x00AB6905+485637]
Ordinal0 [0x00ABCEAE+511662]
Ordinal0 [0x00AB68C2+485570]
Ordinal0 [0x00AB7329+488233]
Ordinal0 [0x00AB6C8C+486540]
Ordinal0 [0x00AB6EC5+487109]
Ordinal0 [0x00AB6905+485637]
Ordinal0 [0x00ABB71C+505628]
Ordinal0 [0x00AB68C2+485570]
Ordinal0 [0x00AB7329+488233]
Ordinal0 [0x00AB6C8C+486540]
Ordinal0 [0x00AB6EC5+487109]
Ordinal0 [0x00AB6905+485637]
Ordinal0 [0x00ABADB7+503223]
Ordinal0 [0x00AB68C2+485570]
Ordinal0 [0x00AB7329+488233]
Ordinal0 [0x00AB6C8C+486540]
Ordinal0 [0x00AB6EC5+487109]
Ordinal0 [0x00AB6905+485637]
Ordinal0 [0x00AB31AC+471468]
Ordinal0 [0x00AB68C2+485570]
Ordinal0 [0x00AB6817+485399]
Ordinal0 [0x00AC0600+525824]
Ordinal0 [0x00A6CBB9+183225]
Ordinal0 [0x00A6BF2D+180013]
Ordinal0 [0x00A69E5B+171611]
Ordinal0 [0x00A51DD8+73176]
Ordinal0 [0x00A52E50+77392]
Ordinal0 [0x00A52DE9+77289]
Ordinal0 [0x00BDD8D7+1693911]
GetHandleVerifier [0x00D34036+522726]
GetHandleVerifier [0x00D33D74+522020]
GetHandleVerifier [0x00D49187+609079]
GetHandleVerifier [0x00D348A6+524886]
Ordinal0 [0x00BD5CBC+1662140]
Ordinal0 [0x00BDF23B+1700411]
Ordinal0 [0x00BDF3A3+1700771]
Ordinal0 [0x00BF5215+1790485]
BaseThreadInitThunk [0x755333CA+18]
RtlInitializeExceptionChain [0x774B9ED2+99]
RtlInitializeExceptionChain [0x774B9EA5+54]
]]>
            </message>
            <full-stacktrace>
              <![CDATA[org.openqa.selenium.SessionNotCreatedException: session not created
from disconnected: received Inspector.detached event
  (Session info: chrome=81.0.4044.129)
Build info: version: '3.141.59', revision: 'e82be7d358', time: '2018-11-14T08:25:48'
System info: host: 'HP-PC', ip: '192.168.1.4', os.name: 'Windows 7', os.arch: 'amd64', os.version: '6.1', java.version: '1.8.0_05'
Driver info: driver.version: ChromeDriver
remote stacktrace: Backtrace:
Ordinal0 [0x00C95F73+2449267]
Ordinal0 [0x00BC8361+1606497]
Ordinal0 [0x00ABF969+522601]
Ordinal0 [0x00AB8179+491897]
Ordinal0 [0x00AB7D8C+490892]
Ordinal0 [0x00AB7686+489094]
Ordinal0 [0x00AB6C8C+486540]
Ordinal0 [0x00AB6EC5+487109]
Ordinal0 [0x00AB6905+485637]
Ordinal0 [0x00ABE6C5+517829]
Ordinal0 [0x00AB68C2+485570]
Ordinal0 [0x00AB7329+488233]
Ordinal0 [0x00AB6C8C+486540]
Ordinal0 [0x00AB6EC5+487109]
Ordinal0 [0x00AB6905+485637]
Ordinal0 [0x00ABCEAE+511662]
Ordinal0 [0x00AB68C2+485570]
Ordinal0 [0x00AB7329+488233]
Ordinal0 [0x00AB6C8C+486540]
Ordinal0 [0x00AB6EC5+487109]
Ordinal0 [0x00AB6905+485637]
Ordinal0 [0x00ABB71C+505628]
Ordinal0 [0x00AB68C2+485570]
Ordinal0 [0x00AB7329+488233]
Ordinal0 [0x00AB6C8C+486540]
Ordinal0 [0x00AB6EC5+487109]
Ordinal0 [0x00AB6905+485637]
Ordinal0 [0x00ABADB7+503223]
Ordinal0 [0x00AB68C2+485570]
Ordinal0 [0x00AB7329+488233]
Ordinal0 [0x00AB6C8C+486540]
Ordinal0 [0x00AB6EC5+487109]
Ordinal0 [0x00AB6905+485637]
Ordinal0 [0x00AB31AC+471468]
Ordinal0 [0x00AB68C2+485570]
Ordinal0 [0x00AB6817+485399]
Ordinal0 [0x00AC0600+525824]
Ordinal0 [0x00A6CBB9+183225]
Ordinal0 [0x00A6BF2D+180013]
Ordinal0 [0x00A69E5B+171611]
Ordinal0 [0x00A51DD8+73176]
Ordinal0 [0x00A52E50+77392]
Ordinal0 [0x00A52DE9+77289]
Ordinal0 [0x00BDD8D7+1693911]
GetHandleVerifier [0x00D34036+522726]
GetHandleVerifier [0x00D33D74+522020]
GetHandleVerifier [0x00D49187+609079]
GetHandleVerifier [0x00D348A6+524886]
Ordinal0 [0x00BD5CBC+1662140]
Ordinal0 [0x00BDF23B+1700411]
Ordinal0 [0x00BDF3A3+1700771]
Ordinal0 [0x00BF5215+1790485]
BaseThreadInitThunk [0x755333CA+18]
RtlInitializeExceptionChain [0x774B9ED2+99]
RtlInitializeExceptionChain [0x774B9EA5+54]

at sun.reflect.NativeConstructorAccessorImpl.newInstance0(Native Method)
at sun.reflect.NativeConstructorAccessorImpl.newInstance(Unknown Source)
at sun.reflect.DelegatingConstructorAccessorImpl.newInstance(Unknown Source)
at java.lang.reflect.Constructor.newInstance(Unknown Source)
at org.openqa.selenium.remote.W3CHandshakeResponse.lambda$errorHandler$0(W3CHandshakeResponse.java:62)
at org.openqa.selenium.remote.W3CHandshakeResponse$$Lambda$195/1208203046.apply(Unknown Source)
at org.openqa.selenium.remote.HandshakeResponse.lambda$getResponseFunction$0(HandshakeResponse.java:30)
at org.openqa.selenium.remote.HandshakeResponse$$Lambda$190/1128948651.apply(Unknown Source)
at org.openqa.selenium.remote.ProtocolHandshake.lambda$createSession$0(ProtocolHandshake.java:126)
at org.openqa.selenium.remote.ProtocolHandshake$$Lambda$191/782505238.apply(Unknown Source)
at java.util.stream.ReferencePipeline$3$1.accept(Unknown Source)
at java.util.Spliterators$ArraySpliterator.tryAdvance(Unknown Source)
at java.util.stream.ReferencePipeline.forEachWithCancel(Unknown Source)
at java.util.stream.AbstractPipeline.copyIntoWithCancel(Unknown Source)
at java.util.stream.AbstractPipeline.copyInto(Unknown Source)
at java.util.stream.AbstractPipeline.wrapAndCopyInto(Unknown Source)
at java.util.stream.FindOps$FindOp.evaluateSequential(Unknown Source)
at java.util.stream.AbstractPipeline.evaluate(Unknown Source)
at java.util.stream.ReferencePipeline.findFirst(Unknown Source)
at org.openqa.selenium.remote.ProtocolHandshake.createSession(ProtocolHandshake.java:128)
at org.openqa.selenium.remote.ProtocolHandshake.createSession(ProtocolHandshake.java:74)
at org.openqa.selenium.remote.HttpCommandExecutor.execute(HttpCommandExecutor.java:136)
at org.openqa.selenium.remote.service.DriverCommandExecutor.execute(DriverCommandExecutor.java:83)
at org.openqa.selenium.remote.RemoteWebDriver.execute(RemoteWebDriver.java:552)
at org.openqa.selenium.remote.RemoteWebDriver.startSession(RemoteWebDriver.java:213)
at org.openqa.selenium.remote.RemoteWebDriver.<init>(RemoteWebDriver.java:131)
at org.openqa.selenium.chrome.ChromeDriver.<init>(ChromeDriver.java:181)
at org.openqa.selenium.chrome.ChromeDriver.<init>(ChromeDriver.java:168)
at org.openqa.selenium.chrome.ChromeDriver.<init>(ChromeDriver.java:123)
at flipkart.testcases.BaseTestClass.beforeMethod(BaseTestClass.java:18)
at sun.reflect.NativeMethodAccessorImpl.invoke0(Native Method)
at sun.reflect.NativeMethodAccessorImpl.invoke(Unknown Source)
at sun.reflect.DelegatingMethodAccessorImpl.invoke(Unknown Source)
at java.lang.reflect.Method.invoke(Unknown Source)
at org.testng.internal.MethodInvocationHelper.invokeMethod(MethodInvocationHelper.java:124)
at org.testng.internal.MethodInvocationHelper.invokeMethodConsideringTimeout(MethodInvocationHelper.java:59)
at org.testng.internal.Invoker.invokeConfigurationMethod(Invoker.java:458)
at org.testng.internal.Invoker.invokeConfigurations(Invoker.java:222)
at org.testng.internal.Invoker.invokeMethod(Invoker.java:523)
at org.testng.internal.Invoker.invokeTestMethod(Invoker.java:719)
at org.testng.internal.Invoker.invokeTestMethods(Invoker.java:989)
at org.testng.internal.TestMethodWorker.invokeTestMethods(TestMethodWorker.java:125)
at org.testng.internal.TestMethodWorker.run(TestMethodWorker.java:109)
at org.testng.TestRunner.privateRun(TestRunner.java:648)
at org.testng.TestRunner.run(TestRunner.java:505)
at org.testng.SuiteRunner.runTest(SuiteRunner.java:455)
at org.testng.SuiteRunner.runSequentially(SuiteRunner.java:450)
at org.testng.SuiteRunner.privateRun(SuiteRunner.java:415)
at org.testng.SuiteRunner.run(SuiteRunner.java:364)
at org.testng.SuiteRunnerWorker.runSuite(SuiteRunnerWorker.java:52)
at org.testng.SuiteRunnerWorker.run(SuiteRunnerWorker.java:84)
at org.testng.TestNG.runSuitesSequentially(TestNG.java:1208)
at org.testng.TestNG.runSuitesLocally(TestNG.java:1137)
at org.testng.TestNG.runSuites(TestNG.java:1049)
at org.testng.TestNG.run(TestNG.java:1017)
at org.testng.remote.AbstractRemoteTestNG.run(AbstractRemoteTestNG.java:114)
at org.testng.remote.RemoteTestNG.initAndRun(RemoteTestNG.java:251)
at org.testng.remote.RemoteTestNG.main(RemoteTestNG.java:77)
]]>
            </full-stacktrace>
          </exception> <!-- org.openqa.selenium.SessionNotCreatedException -->
          <reporter-output>
          </reporter-output>
        </test-method> <!-- simpleTest -->
        <test-method status="SKIP" signature="afterMethod()[pri:0, instance:flipkart.testcases.TC_001@7cd62f43]" name="afterMethod" is-config="true" duration-ms="0" started-at="2020-05-02T08:29:08Z" finished-at="2020-05-02T08:29:08Z">
          <reporter-output>
          </reporter-output>
        </test-method> <!-- afterMethod -->
      </class> <!-- flipkart.testcases.TC_001 -->
    </test> <!-- Default test -->
  </suite> <!-- Default suite -->
</testng-results>
