<html>
<head>
<title>TestNG:  Default test</title>
<link href="../testng.css" rel="stylesheet" type="text/css" />
<link href="../my-testng.css" rel="stylesheet" type="text/css" />

<style type="text/css">
.log { display: none;} 
.stack-trace { display: none;} 
</style>
<script type="text/javascript">
<!--
function flip(e) {
  current = e.style.display;
  if (current == 'block') {
    e.style.display = 'none';
    return 0;
  }
  else {
    e.style.display = 'block';
    return 1;
  }
}

function toggleBox(szDivId, elem, msg1, msg2)
{
  var res = -1;  if (document.getElementById) {
    res = flip(document.getElementById(szDivId));
  }
  else if (document.all) {
    // this is the way old msie versions work
    res = flip(document.all[szDivId]);
  }
  if(elem) {
    if(res == 0) elem.innerHTML = msg1; else elem.innerHTML = msg2;
  }

}

function toggleAllBoxes() {
  if (document.getElementsByTagName) {
    d = document.getElementsByTagName('div');
    for (i = 0; i < d.length; i++) {
      if (d[i].className == 'log') {
        flip(d[i]);
      }
    }
  }
}

// -->
</script>

</head>
<body>
<h2 align='center'>Default test</h2><table border='1' align="center">
<tr>
<td>Tests passed/Failed/Skipped:</td><td>0/0/1</td>
</tr><tr>
<td>Started on:</td><td>Sat May 02 13:57:46 IST 2020</td>
</tr>
<tr><td>Total time:</td><td>81 seconds (81582 ms)</td>
</tr><tr>
<td>Included groups:</td><td></td>
</tr><tr>
<td>Excluded groups:</td><td></td>
</tr>
</table><p/>
<small><i>(Hover the method name to see the test class name)</i></small><p/>
<table width='100%' border='1' class='invocation-failed'>
<tr><td colspan='4' align='center'><b>FAILED CONFIGURATIONS</b></td></tr>
<tr><td><b>Test method</b></td>
<td width="30%"><b>Exception</b></td>
<td width="10%"><b>Time (seconds)</b></td>
<td><b>Instance</b></td>
</tr>
<tr>
<td title='flipkart.testcases.TC_001.beforeMethod()'><b>beforeMethod</b><br>Test class: flipkart.testcases.TC_001</td>
<td><div><pre>org.openqa.selenium.SessionNotCreatedException: session not created
from disconnected: received Inspector.detached event
  (Session info: chrome=81.0.4044.129)
Build info: version: &apos;3.141.59&apos;, revision: &apos;e82be7d358&apos;, time: &apos;2018-11-14T08:25:48&apos;
System info: host: &apos;HP-PC&apos;, ip: &apos;192.168.1.4&apos;, os.name: &apos;Windows 7&apos;, os.arch: &apos;amd64&apos;, os.version: &apos;6.1&apos;, java.version: &apos;1.8.0_05&apos;
Driver info: driver.version: ChromeDriver
remote stacktrace: Backtrace:
	Ordinal0 [0x00C95F73+2449267]
	Ordinal0 [0x00BC8361+1606497]
	Ordinal0 [0x00ABF969+522601]
	Ordinal0 [0x00AB8179+491897]
	Ordinal0 [0x00AB7D8C+490892]
	Ordinal0 [0x00AB7686+489094]
	Ordinal0 [0x00AB6C8C+486540]
	Ordinal0 [0x00AB6EC5+487109]
	Ordinal0 [0x00AB6905+485637]
	Ordinal0 [0x00ABE6C5+517829]
	Ordinal0 [0x00AB68C2+485570]
	Ordinal0 [0x00AB7329+488233]
	Ordinal0 [0x00AB6C8C+486540]
	Ordinal0 [0x00AB6EC5+487109]
	Ordinal0 [0x00AB6905+485637]
	Ordinal0 [0x00ABCEAE+511662]
	Ordinal0 [0x00AB68C2+485570]
	Ordinal0 [0x00AB7329+488233]
	Ordinal0 [0x00AB6C8C+486540]
	Ordinal0 [0x00AB6EC5+487109]
	Ordinal0 [0x00AB6905+485637]
	Ordinal0 [0x00ABB71C+505628]
	Ordinal0 [0x00AB68C2+485570]
	Ordinal0 [0x00AB7329+488233]
	Ordinal0 [0x00AB6C8C+486540]
	Ordinal0 [0x00AB6EC5+487109]
	Ordinal0 [0x00AB6905+485637]
	Ordinal0 [0x00ABADB7+503223]
	Ordinal0 [0x00AB68C2+485570]
	Ordinal0 [0x00AB7329+488233]
	Ordinal0 [0x00AB6C8C+486540]
	Ordinal0 [0x00AB6EC5+487109]
	Ordinal0 [0x00AB6905+485637]
	Ordinal0 [0x00AB31AC+471468]
	Ordinal0 [0x00AB68C2+485570]
	Ordinal0 [0x00AB6817+485399]
	Ordinal0 [0x00AC0600+525824]
	Ordinal0 [0x00A6CBB9+183225]
	Ordinal0 [0x00A6BF2D+180013]
	Ordinal0 [0x00A69E5B+171611]
	Ordinal0 [0x00A51DD8+73176]
	Ordinal0 [0x00A52E50+77392]
	Ordinal0 [0x00A52DE9+77289]
	Ordinal0 [0x00BDD8D7+1693911]
	GetHandleVerifier [0x00D34036+522726]
	GetHandleVerifier [0x00D33D74+522020]
	GetHandleVerifier [0x00D49187+609079]
	GetHandleVerifier [0x00D348A6+524886]
	Ordinal0 [0x00BD5CBC+1662140]
	Ordinal0 [0x00BDF23B+1700411]
	Ordinal0 [0x00BDF3A3+1700771]
	Ordinal0 [0x00BF5215+1790485]
	BaseThreadInitThunk [0x755333CA+18]
	RtlInitializeExceptionChain [0x774B9ED2+99]
	RtlInitializeExceptionChain [0x774B9EA5+54]

	at sun.reflect.NativeConstructorAccessorImpl.newInstance0(Native Method)
	at sun.reflect.NativeConstructorAccessorImpl.newInstance(Unknown Source)
	at sun.reflect.DelegatingConstructorAccessorImpl.newInstance(Unknown Source)
	at java.lang.reflect.Constructor.newInstance(Unknown Source)
	at org.openqa.selenium.remote.W3CHandshakeResponse.lambda$errorHandler$0(W3CHandshakeResponse.java:62)
	at org.openqa.selenium.remote.W3CHandshakeResponse$$Lambda$195/1208203046.apply(Unknown Source)
	at org.openqa.selenium.remote.HandshakeResponse.lambda$getResponseFunction$0(HandshakeResponse.java:30)
	at org.openqa.selenium.remote.HandshakeResponse$$Lambda$190/1128948651.apply(Unknown Source)
	at org.openqa.selenium.remote.ProtocolHandshake.lambda$createSession$0(ProtocolHandshake.java:126)
	at org.openqa.selenium.remote.ProtocolHandshake$$Lambda$191/782505238.apply(Unknown Source)
	at java.util.stream.ReferencePipeline$3$1.accept(Unknown Source)
	at java.util.Spliterators$ArraySpliterator.tryAdvance(Unknown Source)
	at java.util.stream.ReferencePipeline.forEachWithCancel(Unknown Source)
	at java.util.stream.AbstractPipeline.copyIntoWithCancel(Unknown Source)
	at java.util.stream.AbstractPipeline.copyInto(Unknown Source)
	at java.util.stream.AbstractPipeline.wrapAndCopyInto(Unknown Source)
	at java.util.stream.FindOps$FindOp.evaluateSequential(Unknown Source)
	at java.util.stream.AbstractPipeline.evaluate(Unknown Source)
	at java.util.stream.ReferencePipeline.findFirst(Unknown Source)
	at org.openqa.selenium.remote.ProtocolHandshake.createSession(ProtocolHandshake.java:128)
	at org.openqa.selenium.remote.ProtocolHandshake.createSession(ProtocolHandshake.java:74)
	at org.openqa.selenium.remote.HttpCommandExecutor.execute(HttpCommandExecutor.java:136)
	at org.openqa.selenium.remote.service.DriverCommandExecutor.execute(DriverCommandExecutor.java:83)
	at org.openqa.selenium.remote.RemoteWebDriver.execute(RemoteWebDriver.java:552)
	at org.openqa.selenium.remote.RemoteWebDriver.startSession(RemoteWebDriver.java:213)
	at org.openqa.selenium.remote.RemoteWebDriver.&lt;init&gt;(RemoteWebDriver.java:131)
	at org.openqa.selenium.chrome.ChromeDriver.&lt;init&gt;(ChromeDriver.java:181)
	at org.openqa.selenium.chrome.ChromeDriver.&lt;init&gt;(ChromeDriver.java:168)
	at org.openqa.selenium.chrome.ChromeDriver.&lt;init&gt;(ChromeDriver.java:123)
	at flipkart.testcases.BaseTestClass.beforeMethod(BaseTestClass.java:18)
	at sun.reflect.NativeMethodAccessorImpl.invoke0(Native Method)
	at sun.reflect.NativeMethodAccessorImpl.invoke(Unknown Source)
	at sun.reflect.DelegatingMethodAccessorImpl.invoke(Unknown Source)
	at java.lang.reflect.Method.invoke(Unknown Source)
	at org.testng.internal.MethodInvocationHelper.invokeMethod(MethodInvocationHelper.java:124)
	at org.testng.internal.MethodInvocationHelper.invokeMethodConsideringTimeout(MethodInvocationHelper.java:59)
	at org.testng.internal.Invoker.invokeConfigurationMethod(Invoker.java:458)
	at org.testng.internal.Invoker.invokeConfigurations(Invoker.java:222)
	at org.testng.internal.Invoker.invokeMethod(Invoker.java:523)
	at org.testng.internal.Invoker.invokeTestMethod(Invoker.java:719)
	at org.testng.internal.Invoker.invokeTestMethods(Invoker.java:989)
	at org.testng.internal.TestMethodWorker.invokeTestMethods(TestMethodWorker.java:125)
	at org.testng.internal.TestMethodWorker.run(TestMethodWorker.java:109)
	at org.testng.TestRunner.privateRun(TestRunner.java:648)
	at org.testng.TestRunner.run(TestRunner.java:505)
	at org.testng.SuiteRunner.runTest(SuiteRunner.java:455)
	at org.testng.SuiteRunner.runSequentially(SuiteRunner.java:450)
	at org.testng.SuiteRunner.privateRun(SuiteRunner.java:415)
	at org.testng.SuiteRunner.run(SuiteRunner.java:364)
	at org.testng.SuiteRunnerWorker.runSuite(SuiteRunnerWorker.java:52)
	at org.testng.SuiteRunnerWorker.run(SuiteRunnerWorker.java:84)
	at org.testng.TestNG.runSuitesSequentially(TestNG.java:1208)
	at org.testng.TestNG.runSuitesLocally(TestNG.java:1137)
	at org.testng.TestNG.runSuites(TestNG.java:1049)
	at org.testng.TestNG.run(TestNG.java:1017)
	at org.testng.remote.AbstractRemoteTestNG.run(AbstractRemoteTestNG.java:114)
	at org.testng.remote.RemoteTestNG.initAndRun(RemoteTestNG.java:251)
	at org.testng.remote.RemoteTestNG.main(RemoteTestNG.java:77)
</pre></div><a href='#' onClick='toggleBox("stack-trace538592647", this, "Click to show all stack frames", "Click to hide stack frames")'>Click to show all stack frames</a>
<div class='stack-trace' id='stack-trace538592647'><pre>org.openqa.selenium.SessionNotCreatedException: session not created
from disconnected: received Inspector.detached event
  (Session info: chrome=81.0.4044.129)
Build info: version: &apos;3.141.59&apos;, revision: &apos;e82be7d358&apos;, time: &apos;2018-11-14T08:25:48&apos;
System info: host: &apos;HP-PC&apos;, ip: &apos;192.168.1.4&apos;, os.name: &apos;Windows 7&apos;, os.arch: &apos;amd64&apos;, os.version: &apos;6.1&apos;, java.version: &apos;1.8.0_05&apos;
Driver info: driver.version: ChromeDriver
remote stacktrace: Backtrace:
	Ordinal0 [0x00C95F73+2449267]
	Ordinal0 [0x00BC8361+1606497]
	Ordinal0 [0x00ABF969+522601]
	Ordinal0 [0x00AB8179+491897]
	Ordinal0 [0x00AB7D8C+490892]
	Ordinal0 [0x00AB7686+489094]
	Ordinal0 [0x00AB6C8C+486540]
	Ordinal0 [0x00AB6EC5+487109]
	Ordinal0 [0x00AB6905+485637]
	Ordinal0 [0x00ABE6C5+517829]
	Ordinal0 [0x00AB68C2+485570]
	Ordinal0 [0x00AB7329+488233]
	Ordinal0 [0x00AB6C8C+486540]
	Ordinal0 [0x00AB6EC5+487109]
	Ordinal0 [0x00AB6905+485637]
	Ordinal0 [0x00ABCEAE+511662]
	Ordinal0 [0x00AB68C2+485570]
	Ordinal0 [0x00AB7329+488233]
	Ordinal0 [0x00AB6C8C+486540]
	Ordinal0 [0x00AB6EC5+487109]
	Ordinal0 [0x00AB6905+485637]
	Ordinal0 [0x00ABB71C+505628]
	Ordinal0 [0x00AB68C2+485570]
	Ordinal0 [0x00AB7329+488233]
	Ordinal0 [0x00AB6C8C+486540]
	Ordinal0 [0x00AB6EC5+487109]
	Ordinal0 [0x00AB6905+485637]
	Ordinal0 [0x00ABADB7+503223]
	Ordinal0 [0x00AB68C2+485570]
	Ordinal0 [0x00AB7329+488233]
	Ordinal0 [0x00AB6C8C+486540]
	Ordinal0 [0x00AB6EC5+487109]
	Ordinal0 [0x00AB6905+485637]
	Ordinal0 [0x00AB31AC+471468]
	Ordinal0 [0x00AB68C2+485570]
	Ordinal0 [0x00AB6817+485399]
	Ordinal0 [0x00AC0600+525824]
	Ordinal0 [0x00A6CBB9+183225]
	Ordinal0 [0x00A6BF2D+180013]
	Ordinal0 [0x00A69E5B+171611]
	Ordinal0 [0x00A51DD8+73176]
	Ordinal0 [0x00A52E50+77392]
	Ordinal0 [0x00A52DE9+77289]
	Ordinal0 [0x00BDD8D7+1693911]
	GetHandleVerifier [0x00D34036+522726]
	GetHandleVerifier [0x00D33D74+522020]
	GetHandleVerifier [0x00D49187+609079]
	GetHandleVerifier [0x00D348A6+524886]
	Ordinal0 [0x00BD5CBC+1662140]
	Ordinal0 [0x00BDF23B+1700411]
	Ordinal0 [0x00BDF3A3+1700771]
	Ordinal0 [0x00BF5215+1790485]
	BaseThreadInitThunk [0x755333CA+18]
	RtlInitializeExceptionChain [0x774B9ED2+99]
	RtlInitializeExceptionChain [0x774B9EA5+54]

	at sun.reflect.NativeConstructorAccessorImpl.newInstance0(Native Method)
	at sun.reflect.NativeConstructorAccessorImpl.newInstance(Unknown Source)
	at sun.reflect.DelegatingConstructorAccessorImpl.newInstance(Unknown Source)
	at java.lang.reflect.Constructor.newInstance(Unknown Source)
	at org.openqa.selenium.remote.W3CHandshakeResponse.lambda$errorHandler$0(W3CHandshakeResponse.java:62)
	at org.openqa.selenium.remote.W3CHandshakeResponse$$Lambda$195/1208203046.apply(Unknown Source)
	at org.openqa.selenium.remote.HandshakeResponse.lambda$getResponseFunction$0(HandshakeResponse.java:30)
	at org.openqa.selenium.remote.HandshakeResponse$$Lambda$190/1128948651.apply(Unknown Source)
	at org.openqa.selenium.remote.ProtocolHandshake.lambda$createSession$0(ProtocolHandshake.java:126)
	at org.openqa.selenium.remote.ProtocolHandshake$$Lambda$191/782505238.apply(Unknown Source)
	at java.util.stream.ReferencePipeline$3$1.accept(Unknown Source)
	at java.util.Spliterators$ArraySpliterator.tryAdvance(Unknown Source)
	at java.util.stream.ReferencePipeline.forEachWithCancel(Unknown Source)
	at java.util.stream.AbstractPipeline.copyIntoWithCancel(Unknown Source)
	at java.util.stream.AbstractPipeline.copyInto(Unknown Source)
	at java.util.stream.AbstractPipeline.wrapAndCopyInto(Unknown Source)
	at java.util.stream.FindOps$FindOp.evaluateSequential(Unknown Source)
	at java.util.stream.AbstractPipeline.evaluate(Unknown Source)
	at java.util.stream.ReferencePipeline.findFirst(Unknown Source)
	at org.openqa.selenium.remote.ProtocolHandshake.createSession(ProtocolHandshake.java:128)
	at org.openqa.selenium.remote.ProtocolHandshake.createSession(ProtocolHandshake.java:74)
	at org.openqa.selenium.remote.HttpCommandExecutor.execute(HttpCommandExecutor.java:136)
	at org.openqa.selenium.remote.service.DriverCommandExecutor.execute(DriverCommandExecutor.java:83)
	at org.openqa.selenium.remote.RemoteWebDriver.execute(RemoteWebDriver.java:552)
	at org.openqa.selenium.remote.RemoteWebDriver.startSession(RemoteWebDriver.java:213)
	at org.openqa.selenium.remote.RemoteWebDriver.&lt;init&gt;(RemoteWebDriver.java:131)
	at org.openqa.selenium.chrome.ChromeDriver.&lt;init&gt;(ChromeDriver.java:181)
	at org.openqa.selenium.chrome.ChromeDriver.&lt;init&gt;(ChromeDriver.java:168)
	at org.openqa.selenium.chrome.ChromeDriver.&lt;init&gt;(ChromeDriver.java:123)
	at flipkart.testcases.BaseTestClass.beforeMethod(BaseTestClass.java:18)
	at sun.reflect.NativeMethodAccessorImpl.invoke0(Native Method)
	at sun.reflect.NativeMethodAccessorImpl.invoke(Unknown Source)
	at sun.reflect.DelegatingMethodAccessorImpl.invoke(Unknown Source)
	at java.lang.reflect.Method.invoke(Unknown Source)
	at org.testng.internal.MethodInvocationHelper.invokeMethod(MethodInvocationHelper.java:124)
	at org.testng.internal.MethodInvocationHelper.invokeMethodConsideringTimeout(MethodInvocationHelper.java:59)
	at org.testng.internal.Invoker.invokeConfigurationMethod(Invoker.java:458)
	at org.testng.internal.Invoker.invokeConfigurations(Invoker.java:222)
	at org.testng.internal.Invoker.invokeMethod(Invoker.java:523)
	at org.testng.internal.Invoker.invokeTestMethod(Invoker.java:719)
	at org.testng.internal.Invoker.invokeTestMethods(Invoker.java:989)
	at org.testng.internal.TestMethodWorker.invokeTestMethods(TestMethodWorker.java:125)
	at org.testng.internal.TestMethodWorker.run(TestMethodWorker.java:109)
	at org.testng.TestRunner.privateRun(TestRunner.java:648)
	at org.testng.TestRunner.run(TestRunner.java:505)
	at org.testng.SuiteRunner.runTest(SuiteRunner.java:455)
	at org.testng.SuiteRunner.runSequentially(SuiteRunner.java:450)
	at org.testng.SuiteRunner.privateRun(SuiteRunner.java:415)
	at org.testng.SuiteRunner.run(SuiteRunner.java:364)
	at org.testng.SuiteRunnerWorker.runSuite(SuiteRunnerWorker.java:52)
	at org.testng.SuiteRunnerWorker.run(SuiteRunnerWorker.java:84)
	at org.testng.TestNG.runSuitesSequentially(TestNG.java:1208)
	at org.testng.TestNG.runSuitesLocally(TestNG.java:1137)
	at org.testng.TestNG.runSuites(TestNG.java:1049)
	at org.testng.TestNG.run(TestNG.java:1017)
	at org.testng.remote.AbstractRemoteTestNG.run(AbstractRemoteTestNG.java:114)
	at org.testng.remote.RemoteTestNG.initAndRun(RemoteTestNG.java:251)
	at org.testng.remote.RemoteTestNG.main(RemoteTestNG.java:77)
</pre></div></td>
<td>81</td>
<td>flipkart.testcases.TC_001@7cd62f43</td></tr>
</table><p>
<table width='100%' border='1' class='invocation-skipped'>
<tr><td colspan='4' align='center'><b>SKIPPED CONFIGURATIONS</b></td></tr>
<tr><td><b>Test method</b></td>
<td width="30%"><b>Exception</b></td>
<td width="10%"><b>Time (seconds)</b></td>
<td><b>Instance</b></td>
</tr>
<tr>
<td title='flipkart.testcases.TC_001.afterMethod()'><b>afterMethod</b><br>Test class: flipkart.testcases.TC_001</td>
<td></td>
<td>0</td>
<td>flipkart.testcases.TC_001@7cd62f43</td></tr>
</table><p>
<table width='100%' border='1' class='invocation-skipped'>
<tr><td colspan='4' align='center'><b>SKIPPED TESTS</b></td></tr>
<tr><td><b>Test method</b></td>
<td width="30%"><b>Exception</b></td>
<td width="10%"><b>Time (seconds)</b></td>
<td><b>Instance</b></td>
</tr>
<tr>
<td title='flipkart.testcases.TC_001.simpleTest()'><b>simpleTest</b><br>Test class: flipkart.testcases.TC_001</td>
<td><div><pre>org.openqa.selenium.SessionNotCreatedException: session not created
from disconnected: received Inspector.detached event
  (Session info: chrome=81.0.4044.129)
Build info: version: &apos;3.141.59&apos;, revision: &apos;e82be7d358&apos;, time: &apos;2018-11-14T08:25:48&apos;
System info: host: &apos;HP-PC&apos;, ip: &apos;192.168.1.4&apos;, os.name: &apos;Windows 7&apos;, os.arch: &apos;amd64&apos;, os.version: &apos;6.1&apos;, java.version: &apos;1.8.0_05&apos;
Driver info: driver.version: ChromeDriver
remote stacktrace: Backtrace:
	Ordinal0 [0x00C95F73+2449267]
	Ordinal0 [0x00BC8361+1606497]
	Ordinal0 [0x00ABF969+522601]
	Ordinal0 [0x00AB8179+491897]
	Ordinal0 [0x00AB7D8C+490892]
	Ordinal0 [0x00AB7686+489094]
	Ordinal0 [0x00AB6C8C+486540]
	Ordinal0 [0x00AB6EC5+487109]
	Ordinal0 [0x00AB6905+485637]
	Ordinal0 [0x00ABE6C5+517829]
	Ordinal0 [0x00AB68C2+485570]
	Ordinal0 [0x00AB7329+488233]
	Ordinal0 [0x00AB6C8C+486540]
	Ordinal0 [0x00AB6EC5+487109]
	Ordinal0 [0x00AB6905+485637]
	Ordinal0 [0x00ABCEAE+511662]
	Ordinal0 [0x00AB68C2+485570]
	Ordinal0 [0x00AB7329+488233]
	Ordinal0 [0x00AB6C8C+486540]
	Ordinal0 [0x00AB6EC5+487109]
	Ordinal0 [0x00AB6905+485637]
	Ordinal0 [0x00ABB71C+505628]
	Ordinal0 [0x00AB68C2+485570]
	Ordinal0 [0x00AB7329+488233]
	Ordinal0 [0x00AB6C8C+486540]
	Ordinal0 [0x00AB6EC5+487109]
	Ordinal0 [0x00AB6905+485637]
	Ordinal0 [0x00ABADB7+503223]
	Ordinal0 [0x00AB68C2+485570]
	Ordinal0 [0x00AB7329+488233]
	Ordinal0 [0x00AB6C8C+486540]
	Ordinal0 [0x00AB6EC5+487109]
	Ordinal0 [0x00AB6905+485637]
	Ordinal0 [0x00AB31AC+471468]
	Ordinal0 [0x00AB68C2+485570]
	Ordinal0 [0x00AB6817+485399]
	Ordinal0 [0x00AC0600+525824]
	Ordinal0 [0x00A6CBB9+183225]
	Ordinal0 [0x00A6BF2D+180013]
	Ordinal0 [0x00A69E5B+171611]
	Ordinal0 [0x00A51DD8+73176]
	Ordinal0 [0x00A52E50+77392]
	Ordinal0 [0x00A52DE9+77289]
	Ordinal0 [0x00BDD8D7+1693911]
	GetHandleVerifier [0x00D34036+522726]
	GetHandleVerifier [0x00D33D74+522020]
	GetHandleVerifier [0x00D49187+609079]
	GetHandleVerifier [0x00D348A6+524886]
	Ordinal0 [0x00BD5CBC+1662140]
	Ordinal0 [0x00BDF23B+1700411]
	Ordinal0 [0x00BDF3A3+1700771]
	Ordinal0 [0x00BF5215+1790485]
	BaseThreadInitThunk [0x755333CA+18]
	RtlInitializeExceptionChain [0x774B9ED2+99]
	RtlInitializeExceptionChain [0x774B9EA5+54]

	at sun.reflect.NativeConstructorAccessorImpl.newInstance0(Native Method)
	at sun.reflect.NativeConstructorAccessorImpl.newInstance(Unknown Source)
	at sun.reflect.DelegatingConstructorAccessorImpl.newInstance(Unknown Source)
	at java.lang.reflect.Constructor.newInstance(Unknown Source)
	at org.openqa.selenium.remote.W3CHandshakeResponse.lambda$errorHandler$0(W3CHandshakeResponse.java:62)
	at org.openqa.selenium.remote.W3CHandshakeResponse$$Lambda$195/1208203046.apply(Unknown Source)
	at org.openqa.selenium.remote.HandshakeResponse.lambda$getResponseFunction$0(HandshakeResponse.java:30)
	at org.openqa.selenium.remote.HandshakeResponse$$Lambda$190/1128948651.apply(Unknown Source)
	at org.openqa.selenium.remote.ProtocolHandshake.lambda$createSession$0(ProtocolHandshake.java:126)
	at org.openqa.selenium.remote.ProtocolHandshake$$Lambda$191/782505238.apply(Unknown Source)
	at java.util.stream.ReferencePipeline$3$1.accept(Unknown Source)
	at java.util.Spliterators$ArraySpliterator.tryAdvance(Unknown Source)
	at java.util.stream.ReferencePipeline.forEachWithCancel(Unknown Source)
	at java.util.stream.AbstractPipeline.copyIntoWithCancel(Unknown Source)
	at java.util.stream.AbstractPipeline.copyInto(Unknown Source)
	at java.util.stream.AbstractPipeline.wrapAndCopyInto(Unknown Source)
	at java.util.stream.FindOps$FindOp.evaluateSequential(Unknown Source)
	at java.util.stream.AbstractPipeline.evaluate(Unknown Source)
	at java.util.stream.ReferencePipeline.findFirst(Unknown Source)
	at org.openqa.selenium.remote.ProtocolHandshake.createSession(ProtocolHandshake.java:128)
	at org.openqa.selenium.remote.ProtocolHandshake.createSession(ProtocolHandshake.java:74)
	at org.openqa.selenium.remote.HttpCommandExecutor.execute(HttpCommandExecutor.java:136)
	at org.openqa.selenium.remote.service.DriverCommandExecutor.execute(DriverCommandExecutor.java:83)
	at org.openqa.selenium.remote.RemoteWebDriver.execute(RemoteWebDriver.java:552)
	at org.openqa.selenium.remote.RemoteWebDriver.startSession(RemoteWebDriver.java:213)
	at org.openqa.selenium.remote.RemoteWebDriver.&lt;init&gt;(RemoteWebDriver.java:131)
	at org.openqa.selenium.chrome.ChromeDriver.&lt;init&gt;(ChromeDriver.java:181)
	at org.openqa.selenium.chrome.ChromeDriver.&lt;init&gt;(ChromeDriver.java:168)
	at org.openqa.selenium.chrome.ChromeDriver.&lt;init&gt;(ChromeDriver.java:123)
	at flipkart.testcases.BaseTestClass.beforeMethod(BaseTestClass.java:18)
	at sun.reflect.NativeMethodAccessorImpl.invoke0(Native Method)
	at sun.reflect.NativeMethodAccessorImpl.invoke(Unknown Source)
	at sun.reflect.DelegatingMethodAccessorImpl.invoke(Unknown Source)
	at java.lang.reflect.Method.invoke(Unknown Source)
	at org.testng.internal.MethodInvocationHelper.invokeMethod(MethodInvocationHelper.java:124)
	at org.testng.internal.MethodInvocationHelper.invokeMethodConsideringTimeout(MethodInvocationHelper.java:59)
	at org.testng.internal.Invoker.invokeConfigurationMethod(Invoker.java:458)
	at org.testng.internal.Invoker.invokeConfigurations(Invoker.java:222)
	at org.testng.internal.Invoker.invokeMethod(Invoker.java:523)
	at org.testng.internal.Invoker.invokeTestMethod(Invoker.java:719)
	at org.testng.internal.Invoker.invokeTestMethods(Invoker.java:989)
	at org.testng.internal.TestMethodWorker.invokeTestMethods(TestMethodWorker.java:125)
	at org.testng.internal.TestMethodWorker.run(TestMethodWorker.java:109)
	at org.testng.TestRunner.privateRun(TestRunner.java:648)
	at org.testng.TestRunner.run(TestRunner.java:505)
	at org.testng.SuiteRunner.runTest(SuiteRunner.java:455)
	at org.testng.SuiteRunner.runSequentially(SuiteRunner.java:450)
	at org.testng.SuiteRunner.privateRun(SuiteRunner.java:415)
	at org.testng.SuiteRunner.run(SuiteRunner.java:364)
	at org.testng.SuiteRunnerWorker.runSuite(SuiteRunnerWorker.java:52)
	at org.testng.SuiteRunnerWorker.run(SuiteRunnerWorker.java:84)
	at org.testng.TestNG.runSuitesSequentially(TestNG.java:1208)
	at org.testng.TestNG.runSuitesLocally(TestNG.java:1137)
	at org.testng.TestNG.runSuites(TestNG.java:1049)
	at org.testng.TestNG.run(TestNG.java:1017)
	at org.testng.remote.AbstractRemoteTestNG.run(AbstractRemoteTestNG.java:114)
	at org.testng.remote.RemoteTestNG.initAndRun(RemoteTestNG.java:251)
	at org.testng.remote.RemoteTestNG.main(RemoteTestNG.java:77)
</pre></div><a href='#' onClick='toggleBox("stack-trace1420232606", this, "Click to show all stack frames", "Click to hide stack frames")'>Click to show all stack frames</a>
<div class='stack-trace' id='stack-trace1420232606'><pre>org.openqa.selenium.SessionNotCreatedException: session not created
from disconnected: received Inspector.detached event
  (Session info: chrome=81.0.4044.129)
Build info: version: &apos;3.141.59&apos;, revision: &apos;e82be7d358&apos;, time: &apos;2018-11-14T08:25:48&apos;
System info: host: &apos;HP-PC&apos;, ip: &apos;192.168.1.4&apos;, os.name: &apos;Windows 7&apos;, os.arch: &apos;amd64&apos;, os.version: &apos;6.1&apos;, java.version: &apos;1.8.0_05&apos;
Driver info: driver.version: ChromeDriver
remote stacktrace: Backtrace:
	Ordinal0 [0x00C95F73+2449267]
	Ordinal0 [0x00BC8361+1606497]
	Ordinal0 [0x00ABF969+522601]
	Ordinal0 [0x00AB8179+491897]
	Ordinal0 [0x00AB7D8C+490892]
	Ordinal0 [0x00AB7686+489094]
	Ordinal0 [0x00AB6C8C+486540]
	Ordinal0 [0x00AB6EC5+487109]
	Ordinal0 [0x00AB6905+485637]
	Ordinal0 [0x00ABE6C5+517829]
	Ordinal0 [0x00AB68C2+485570]
	Ordinal0 [0x00AB7329+488233]
	Ordinal0 [0x00AB6C8C+486540]
	Ordinal0 [0x00AB6EC5+487109]
	Ordinal0 [0x00AB6905+485637]
	Ordinal0 [0x00ABCEAE+511662]
	Ordinal0 [0x00AB68C2+485570]
	Ordinal0 [0x00AB7329+488233]
	Ordinal0 [0x00AB6C8C+486540]
	Ordinal0 [0x00AB6EC5+487109]
	Ordinal0 [0x00AB6905+485637]
	Ordinal0 [0x00ABB71C+505628]
	Ordinal0 [0x00AB68C2+485570]
	Ordinal0 [0x00AB7329+488233]
	Ordinal0 [0x00AB6C8C+486540]
	Ordinal0 [0x00AB6EC5+487109]
	Ordinal0 [0x00AB6905+485637]
	Ordinal0 [0x00ABADB7+503223]
	Ordinal0 [0x00AB68C2+485570]
	Ordinal0 [0x00AB7329+488233]
	Ordinal0 [0x00AB6C8C+486540]
	Ordinal0 [0x00AB6EC5+487109]
	Ordinal0 [0x00AB6905+485637]
	Ordinal0 [0x00AB31AC+471468]
	Ordinal0 [0x00AB68C2+485570]
	Ordinal0 [0x00AB6817+485399]
	Ordinal0 [0x00AC0600+525824]
	Ordinal0 [0x00A6CBB9+183225]
	Ordinal0 [0x00A6BF2D+180013]
	Ordinal0 [0x00A69E5B+171611]
	Ordinal0 [0x00A51DD8+73176]
	Ordinal0 [0x00A52E50+77392]
	Ordinal0 [0x00A52DE9+77289]
	Ordinal0 [0x00BDD8D7+1693911]
	GetHandleVerifier [0x00D34036+522726]
	GetHandleVerifier [0x00D33D74+522020]
	GetHandleVerifier [0x00D49187+609079]
	GetHandleVerifier [0x00D348A6+524886]
	Ordinal0 [0x00BD5CBC+1662140]
	Ordinal0 [0x00BDF23B+1700411]
	Ordinal0 [0x00BDF3A3+1700771]
	Ordinal0 [0x00BF5215+1790485]
	BaseThreadInitThunk [0x755333CA+18]
	RtlInitializeExceptionChain [0x774B9ED2+99]
	RtlInitializeExceptionChain [0x774B9EA5+54]

	at sun.reflect.NativeConstructorAccessorImpl.newInstance0(Native Method)
	at sun.reflect.NativeConstructorAccessorImpl.newInstance(Unknown Source)
	at sun.reflect.DelegatingConstructorAccessorImpl.newInstance(Unknown Source)
	at java.lang.reflect.Constructor.newInstance(Unknown Source)
	at org.openqa.selenium.remote.W3CHandshakeResponse.lambda$errorHandler$0(W3CHandshakeResponse.java:62)
	at org.openqa.selenium.remote.W3CHandshakeResponse$$Lambda$195/1208203046.apply(Unknown Source)
	at org.openqa.selenium.remote.HandshakeResponse.lambda$getResponseFunction$0(HandshakeResponse.java:30)
	at org.openqa.selenium.remote.HandshakeResponse$$Lambda$190/1128948651.apply(Unknown Source)
	at org.openqa.selenium.remote.ProtocolHandshake.lambda$createSession$0(ProtocolHandshake.java:126)
	at org.openqa.selenium.remote.ProtocolHandshake$$Lambda$191/782505238.apply(Unknown Source)
	at java.util.stream.ReferencePipeline$3$1.accept(Unknown Source)
	at java.util.Spliterators$ArraySpliterator.tryAdvance(Unknown Source)
	at java.util.stream.ReferencePipeline.forEachWithCancel(Unknown Source)
	at java.util.stream.AbstractPipeline.copyIntoWithCancel(Unknown Source)
	at java.util.stream.AbstractPipeline.copyInto(Unknown Source)
	at java.util.stream.AbstractPipeline.wrapAndCopyInto(Unknown Source)
	at java.util.stream.FindOps$FindOp.evaluateSequential(Unknown Source)
	at java.util.stream.AbstractPipeline.evaluate(Unknown Source)
	at java.util.stream.ReferencePipeline.findFirst(Unknown Source)
	at org.openqa.selenium.remote.ProtocolHandshake.createSession(ProtocolHandshake.java:128)
	at org.openqa.selenium.remote.ProtocolHandshake.createSession(ProtocolHandshake.java:74)
	at org.openqa.selenium.remote.HttpCommandExecutor.execute(HttpCommandExecutor.java:136)
	at org.openqa.selenium.remote.service.DriverCommandExecutor.execute(DriverCommandExecutor.java:83)
	at org.openqa.selenium.remote.RemoteWebDriver.execute(RemoteWebDriver.java:552)
	at org.openqa.selenium.remote.RemoteWebDriver.startSession(RemoteWebDriver.java:213)
	at org.openqa.selenium.remote.RemoteWebDriver.&lt;init&gt;(RemoteWebDriver.java:131)
	at org.openqa.selenium.chrome.ChromeDriver.&lt;init&gt;(ChromeDriver.java:181)
	at org.openqa.selenium.chrome.ChromeDriver.&lt;init&gt;(ChromeDriver.java:168)
	at org.openqa.selenium.chrome.ChromeDriver.&lt;init&gt;(ChromeDriver.java:123)
	at flipkart.testcases.BaseTestClass.beforeMethod(BaseTestClass.java:18)
	at sun.reflect.NativeMethodAccessorImpl.invoke0(Native Method)
	at sun.reflect.NativeMethodAccessorImpl.invoke(Unknown Source)
	at sun.reflect.DelegatingMethodAccessorImpl.invoke(Unknown Source)
	at java.lang.reflect.Method.invoke(Unknown Source)
	at org.testng.internal.MethodInvocationHelper.invokeMethod(MethodInvocationHelper.java:124)
	at org.testng.internal.MethodInvocationHelper.invokeMethodConsideringTimeout(MethodInvocationHelper.java:59)
	at org.testng.internal.Invoker.invokeConfigurationMethod(Invoker.java:458)
	at org.testng.internal.Invoker.invokeConfigurations(Invoker.java:222)
	at org.testng.internal.Invoker.invokeMethod(Invoker.java:523)
	at org.testng.internal.Invoker.invokeTestMethod(Invoker.java:719)
	at org.testng.internal.Invoker.invokeTestMethods(Invoker.java:989)
	at org.testng.internal.TestMethodWorker.invokeTestMethods(TestMethodWorker.java:125)
	at org.testng.internal.TestMethodWorker.run(TestMethodWorker.java:109)
	at org.testng.TestRunner.privateRun(TestRunner.java:648)
	at org.testng.TestRunner.run(TestRunner.java:505)
	at org.testng.SuiteRunner.runTest(SuiteRunner.java:455)
	at org.testng.SuiteRunner.runSequentially(SuiteRunner.java:450)
	at org.testng.SuiteRunner.privateRun(SuiteRunner.java:415)
	at org.testng.SuiteRunner.run(SuiteRunner.java:364)
	at org.testng.SuiteRunnerWorker.runSuite(SuiteRunnerWorker.java:52)
	at org.testng.SuiteRunnerWorker.run(SuiteRunnerWorker.java:84)
	at org.testng.TestNG.runSuitesSequentially(TestNG.java:1208)
	at org.testng.TestNG.runSuitesLocally(TestNG.java:1137)
	at org.testng.TestNG.runSuites(TestNG.java:1049)
	at org.testng.TestNG.run(TestNG.java:1017)
	at org.testng.remote.AbstractRemoteTestNG.run(AbstractRemoteTestNG.java:114)
	at org.testng.remote.RemoteTestNG.initAndRun(RemoteTestNG.java:251)
	at org.testng.remote.RemoteTestNG.main(RemoteTestNG.java:77)
</pre></div></td>
<td>0</td>
<td>flipkart.testcases.TC_001@7cd62f43</td></tr>
</table><p>
</body>
</html>